
=== Mon Jun 21 17:36:09 2021

Packages were changed.
Update Mode: updateDependencies

The following packages were added:
  com.unity.ide.visualstudio@2.0.7
The following packages were updated:
  com.unity.collab-proxy from version 1.2.16 to 1.3.9
  com.unity.ide.rider from version 1.1.4 to 3.0.5
  com.unity.test-framework from version 1.1.19 to 1.1.24
  com.unity.textmeshpro from version 2.1.1 to 3.0.4
  com.unity.timeline from version 1.2.17 to 1.5.4

=== Sat Jan 22 00:51:40 2022

Packages were changed.
Update Mode: updateDependencies

The following packages were updated:
  com.unity.cinemachine from version 2.7.4 to 2.8.2
  com.unity.collab-proxy from version 1.3.9 to 1.15.4
  com.unity.ide.rider from version 3.0.5 to 3.0.7
  com.unity.ide.visualstudio from version 2.0.7 to 2.0.12
  com.unity.ide.vscode from version 1.2.3 to 1.2.4
  com.unity.mobile.notifications from version 1.3.2 to 1.4.2
  com.unity.postprocessing from version 3.1.1 to 3.2.0
  com.unity.render-pipelines.universal from version 11.0.0 to 12.1.2
  com.unity.test-framework from version 1.1.24 to 1.1.29
  com.unity.textmeshpro from version 3.0.4 to 3.0.6
  com.unity.timeline from version 1.5.4 to 1.6.3

=== Sun Feb 20 06:16:22 2022

Packages were changed.
Update Mode: updateDependencies

The following packages were updated:
  com.unity.cinemachine from version 2.8.2 to 2.8.4
  com.unity.collab-proxy from version 1.15.4 to 1.15.12
  com.unity.ide.rider from version 3.0.7 to 3.0.12
  com.unity.ide.visualstudio from version 2.0.12 to 2.0.14
  com.unity.render-pipelines.universal from version 12.1.2 to 12.1.4

=== Thu Jul  6 22:09:29 2023

Packages were changed.
Update Mode: updateDependencies

The following packages were updated:
  com.unity.cinemachine from version 2.8.4 to 2.8.9
  com.unity.collab-proxy from version 1.15.12 to 1.17.7
  com.unity.ide.rider from version 3.0.12 to 3.0.16
  com.unity.ide.visualstudio from version 2.0.14 to 2.0.16
  com.unity.ide.vscode from version 1.2.4 to 1.2.5
  com.unity.mobile.notifications from version 1.4.2 to 2.1.0
  com.unity.postprocessing from version 3.2.0 to 3.2.2
  com.unity.render-pipelines.universal from version 12.1.4 to 12.1.8
  com.unity.test-framework from version 1.1.29 to 1.1.31
  com.unity.timeline from version 1.6.3 to 1.6.4
